[04-Oct-2018 23:33:57 UTC] PHP Fatal error:  Uncaught PDOException: SQLSTATE[42S02]: Base table or view not found: 1146 Table 'sindcoco.categoria' doesn't exist in C:\Users\leandro\Documents\sindcocoNew\admin\noticias\cadastrar.php:82
Stack trace:
#0 C:\Users\leandro\Documents\sindcocoNew\admin\noticias\cadastrar.php(82): PDO->query('SELECT * FROM c...')
#1 {main}
  thrown in C:\Users\leandro\Documents\sindcocoNew\admin\noticias\cadastrar.php on line 82
[04-Oct-2018 23:34:08 UTC] PHP Fatal error:  Uncaught PDOException: SQLSTATE[42S02]: Base table or view not found: 1146 Table 'sindcoco.categoria' doesn't exist in C:\Users\leandro\Documents\sindcocoNew\admin\noticias\cadastrar.php:82
Stack trace:
#0 C:\Users\leandro\Documents\sindcocoNew\admin\noticias\cadastrar.php(82): PDO->query('SELECT * FROM c...')
#1 {main}
  thrown in C:\Users\leandro\Documents\sindcocoNew\admin\noticias\cadastrar.php on line 82
[04-Oct-2018 23:34:32 UTC] PHP Fatal error:  Uncaught PDOException: SQLSTATE[42S02]: Base table or view not found: 1146 Table 'sindcoco.categoria' doesn't exist in C:\Users\leandro\Documents\sindcocoNew\admin\noticias\editar.php:91
Stack trace:
#0 C:\Users\leandro\Documents\sindcocoNew\admin\noticias\editar.php(91): PDO->query('SELECT * FROM c...')
#1 {main}
  thrown in C:\Users\leandro\Documents\sindcocoNew\admin\noticias\editar.php on line 91
[05-Oct-2018 03:43:42 UTC] PHP Fatal error:  Uncaught PDOException: SQLSTATE[42S02]: Base table or view not found: 1146 Table 'sindcoco.categoria' doesn't exist in C:\Users\leandro\Documents\sindcocoNew\admin\noticias\cadastrar.php:82
Stack trace:
#0 C:\Users\leandro\Documents\sindcocoNew\admin\noticias\cadastrar.php(82): PDO->query('SELECT * FROM c...')
#1 {main}
  thrown in C:\Users\leandro\Documents\sindcocoNew\admin\noticias\cadastrar.php on line 82
[05-Oct-2018 03:43:48 UTC] PHP Fatal error:  Uncaught PDOException: SQLSTATE[42S02]: Base table or view not found: 1146 Table 'sindcoco.categoria' doesn't exist in C:\Users\leandro\Documents\sindcocoNew\admin\noticias\cadastrar.php:82
Stack trace:
#0 C:\Users\leandro\Documents\sindcocoNew\admin\noticias\cadastrar.php(82): PDO->query('SELECT * FROM c...')
#1 {main}
  thrown in C:\Users\leandro\Documents\sindcocoNew\admin\noticias\cadastrar.php on line 82
[05-Oct-2018 03:53:59 UTC] PHP Fatal error:  Uncaught PDOException: SQLSTATE[42S02]: Base table or view not found: 1146 Table 'sindcoco.categoria' doesn't exist in C:\Users\leandro\Documents\sindcocoNew\admin\noticias\cadastrar.php:82
Stack trace:
#0 C:\Users\leandro\Documents\sindcocoNew\admin\noticias\cadastrar.php(82): PDO->query('SELECT * FROM c...')
#1 {main}
  thrown in C:\Users\leandro\Documents\sindcocoNew\admin\noticias\cadastrar.php on line 82
[05-Oct-2018 03:54:08 UTC] PHP Fatal error:  Uncaught PDOException: SQLSTATE[42S02]: Base table or view not found: 1146 Table 'sindcoco.categoria' doesn't exist in C:\Users\leandro\Documents\sindcocoNew\admin\noticias\cadastrar.php:82
Stack trace:
#0 C:\Users\leandro\Documents\sindcocoNew\admin\noticias\cadastrar.php(82): PDO->query('SELECT * FROM c...')
#1 {main}
  thrown in C:\Users\leandro\Documents\sindcocoNew\admin\noticias\cadastrar.php on line 82
[05-Oct-2018 03:54:42 UTC] PHP Fatal error:  Uncaught PDOException: SQLSTATE[42S02]: Base table or view not found: 1146 Table 'sindcoco.categoria' doesn't exist in C:\Users\leandro\Documents\sindcocoNew\admin\noticias\cadastrar.php:82
Stack trace:
#0 C:\Users\leandro\Documents\sindcocoNew\admin\noticias\cadastrar.php(82): PDO->query('SELECT * FROM c...')
#1 {main}
  thrown in C:\Users\leandro\Documents\sindcocoNew\admin\noticias\cadastrar.php on line 82
[05-Oct-2018 12:45:08 UTC] PHP Fatal error:  Uncaught PDOException: SQLSTATE[42S02]: Base table or view not found: 1146 Table 'sindcoco.categoria' doesn't exist in C:\Users\leandro\Documents\sindcocoNew\admin\noticias\cadastrar.php:82
Stack trace:
#0 C:\Users\leandro\Documents\sindcocoNew\admin\noticias\cadastrar.php(82): PDO->query('SELECT * FROM c...')
#1 {main}
  thrown in C:\Users\leandro\Documents\sindcocoNew\admin\noticias\cadastrar.php on line 82
[05-Oct-2018 18:16:47 UTC] PHP Fatal error:  Uncaught PDOException: SQLSTATE[42S02]: Base table or view not found: 1146 Table 'sindcoco.categoria' doesn't exist in C:\Users\leandro\Documents\sindcocoNew\admin\noticias\cadastrar.php:82
Stack trace:
#0 C:\Users\leandro\Documents\sindcocoNew\admin\noticias\cadastrar.php(82): PDO->query('SELECT * FROM c...')
#1 {main}
  thrown in C:\Users\leandro\Documents\sindcocoNew\admin\noticias\cadastrar.php on line 82
[05-Oct-2018 18:22:55 UTC] PHP Fatal error:  Uncaught PDOException: SQLSTATE[42S02]: Base table or view not found: 1146 Table 'sindcoco.categoria' doesn't exist in C:\Users\leandro\Documents\sindcocoNew\admin\noticias\editar.php:91
Stack trace:
#0 C:\Users\leandro\Documents\sindcocoNew\admin\noticias\editar.php(91): PDO->query('SELECT * FROM c...')
#1 {main}
  thrown in C:\Users\leandro\Documents\sindcocoNew\admin\noticias\editar.php on line 91
[05-Oct-2018 18:26:23 UTC] PHP Fatal error:  Uncaught PDOException: SQLSTATE[42S02]: Base table or view not found: 1146 Table 'sindcoco.categoria' doesn't exist in C:\Users\leandro\Documents\sindcocoNew\admin\noticias\cadastrar.php:82
Stack trace:
#0 C:\Users\leandro\Documents\sindcocoNew\admin\noticias\cadastrar.php(82): PDO->query('SELECT * FROM c...')
#1 {main}
  thrown in C:\Users\leandro\Documents\sindcocoNew\admin\noticias\cadastrar.php on line 82
[05-Oct-2018 21:07:25 UTC] PHP Fatal error:  Uncaught PDOException: SQLSTATE[42S02]: Base table or view not found: 1146 Table 'sindcoco.categoria' doesn't exist in C:\Users\leandro\Documents\sindcocoNew\admin\noticias\editar.php:91
Stack trace:
#0 C:\Users\leandro\Documents\sindcocoNew\admin\noticias\editar.php(91): PDO->query('SELECT * FROM c...')
#1 {main}
  thrown in C:\Users\leandro\Documents\sindcocoNew\admin\noticias\editar.php on line 91
[05-Oct-2018 21:18:59 UTC] PHP Fatal error:  Uncaught PDOException: SQLSTATE[42S02]: Base table or view not found: 1146 Table 'sindcoco.categoria' doesn't exist in C:\Users\leandro\Documents\sindcocoNew\admin\noticias\editar.php:91
Stack trace:
#0 C:\Users\leandro\Documents\sindcocoNew\admin\noticias\editar.php(91): PDO->query('SELECT * FROM c...')
#1 {main}
  thrown in C:\Users\leandro\Documents\sindcocoNew\admin\noticias\editar.php on line 91
[05-Oct-2018 21:40:05 UTC] PHP Fatal error:  Uncaught PDOException: SQLSTATE[42S02]: Base table or view not found: 1146 Table 'sindcoco.categoria' doesn't exist in C:\Users\leandro\Documents\sindcocoNew\admin\noticias\cadastrar.php:82
Stack trace:
#0 C:\Users\leandro\Documents\sindcocoNew\admin\noticias\cadastrar.php(82): PDO->query('SELECT * FROM c...')
#1 {main}
  thrown in C:\Users\leandro\Documents\sindcocoNew\admin\noticias\cadastrar.php on line 82
[05-Oct-2018 21:44:40 UTC] PHP Parse error:  syntax error, unexpected '}', expecting end of file in C:\Users\leandro\Documents\sindcocoNew\admin\noticias\autorizar.php on line 84
[05-Oct-2018 21:44:51 UTC] PHP Parse error:  syntax error, unexpected '}', expecting end of file in C:\Users\leandro\Documents\sindcocoNew\admin\noticias\autorizar.php on line 84
[05-Oct-2018 21:49:54 UTC] PHP Parse error:  syntax error, unexpected '}', expecting end of file in C:\Users\leandro\Documents\sindcocoNew\admin\noticias\autorizar.php on line 84
[05-Oct-2018 21:49:54 UTC] PHP Parse error:  syntax error, unexpected '}', expecting end of file in C:\Users\leandro\Documents\sindcocoNew\admin\noticias\autorizar.php on line 84
[05-Oct-2018 21:49:55 UTC] PHP Parse error:  syntax error, unexpected '}', expecting end of file in C:\Users\leandro\Documents\sindcocoNew\admin\noticias\autorizar.php on line 84
[05-Oct-2018 21:49:55 UTC] PHP Parse error:  syntax error, unexpected '}', expecting end of file in C:\Users\leandro\Documents\sindcocoNew\admin\noticias\autorizar.php on line 84
[05-Oct-2018 21:49:55 UTC] PHP Parse error:  syntax error, unexpected '}', expecting end of file in C:\Users\leandro\Documents\sindcocoNew\admin\noticias\autorizar.php on line 84
[05-Oct-2018 21:49:56 UTC] PHP Parse error:  syntax error, unexpected '}', expecting end of file in C:\Users\leandro\Documents\sindcocoNew\admin\noticias\autorizar.php on line 84
[06-Oct-2018 01:53:06 UTC] PHP Fatal error:  Uncaught PDOException: SQLSTATE[42S02]: Base table or view not found: 1146 Table 'sindcoco.categoria' doesn't exist in C:\Users\leandro\Documents\sindcocoNew\admin\noticias\cadastrar.php:82
Stack trace:
#0 C:\Users\leandro\Documents\sindcocoNew\admin\noticias\cadastrar.php(82): PDO->query('SELECT * FROM c...')
#1 {main}
  thrown in C:\Users\leandro\Documents\sindcocoNew\admin\noticias\cadastrar.php on line 82
[06-Oct-2018 02:36:01 UTC] PHP Fatal error:  Uncaught PDOException: SQLSTATE[42S02]: Base table or view not found: 1146 Table 'sindcoco.categoria' doesn't exist in C:\Users\leandro\Documents\sindcocoNew\admin\noticias\cadastrar.php:82
Stack trace:
#0 C:\Users\leandro\Documents\sindcocoNew\admin\noticias\cadastrar.php(82): PDO->query('SELECT * FROM c...')
#1 {main}
  thrown in C:\Users\leandro\Documents\sindcocoNew\admin\noticias\cadastrar.php on line 82
