[29-Sep-2018 12:59:46 UTC] PHP Warning:  require(../util/conexao.php): failed to open stream: No such file or directory in C:\Users\leandro\Documents\sindcocoNew\admin\Dashio\index.PHP on line 30
[29-Sep-2018 12:59:46 UTC] PHP Fatal error:  require(): Failed opening required '../util/conexao.php' (include_path='.;C:\php\pear') in C:\Users\leandro\Documents\sindcocoNew\admin\Dashio\index.PHP on line 30
[29-Sep-2018 13:00:59 UTC] PHP Warning:  require(../util/conexao.php): failed to open stream: No such file or directory in C:\Users\leandro\Documents\sindcocoNew\admin\Dashio\index.PHP on line 39
[29-Sep-2018 13:00:59 UTC] PHP Fatal error:  require(): Failed opening required '../util/conexao.php' (include_path='.;C:\php\pear') in C:\Users\leandro\Documents\sindcocoNew\admin\Dashio\index.PHP on line 39
[29-Sep-2018 13:01:00 UTC] PHP Warning:  require(../util/conexao.php): failed to open stream: No such file or directory in C:\Users\leandro\Documents\sindcocoNew\admin\Dashio\index.PHP on line 39
[29-Sep-2018 13:01:00 UTC] PHP Fatal error:  require(): Failed opening required '../util/conexao.php' (include_path='.;C:\php\pear') in C:\Users\leandro\Documents\sindcocoNew\admin\Dashio\index.PHP on line 39
[29-Sep-2018 13:01:07 UTC] PHP Warning:  require(../util/conexao.php): failed to open stream: No such file or directory in C:\Users\leandro\Documents\sindcocoNew\admin\Dashio\index.PHP on line 39
[29-Sep-2018 13:01:07 UTC] PHP Fatal error:  require(): Failed opening required '../util/conexao.php' (include_path='.;C:\php\pear') in C:\Users\leandro\Documents\sindcocoNew\admin\Dashio\index.PHP on line 39
[29-Sep-2018 13:02:04 UTC] PHP Warning:  require(../util/admin/conexao.php): failed to open stream: No such file or directory in C:\Users\leandro\Documents\sindcocoNew\admin\Dashio\index.PHP on line 39
[29-Sep-2018 13:02:04 UTC] PHP Fatal error:  require(): Failed opening required '../util/admin/conexao.php' (include_path='.;C:\php\pear') in C:\Users\leandro\Documents\sindcocoNew\admin\Dashio\index.PHP on line 39
[29-Sep-2018 13:02:05 UTC] PHP Warning:  require(../util/admin/conexao.php): failed to open stream: No such file or directory in C:\Users\leandro\Documents\sindcocoNew\admin\Dashio\index.PHP on line 39
[29-Sep-2018 13:02:05 UTC] PHP Fatal error:  require(): Failed opening required '../util/admin/conexao.php' (include_path='.;C:\php\pear') in C:\Users\leandro\Documents\sindcocoNew\admin\Dashio\index.PHP on line 39
[29-Sep-2018 13:02:06 UTC] PHP Warning:  require(../util/admin/conexao.php): failed to open stream: No such file or directory in C:\Users\leandro\Documents\sindcocoNew\admin\Dashio\index.PHP on line 39
[29-Sep-2018 13:02:06 UTC] PHP Fatal error:  require(): Failed opening required '../util/admin/conexao.php' (include_path='.;C:\php\pear') in C:\Users\leandro\Documents\sindcocoNew\admin\Dashio\index.PHP on line 39
[29-Sep-2018 13:02:06 UTC] PHP Warning:  require(../util/admin/conexao.php): failed to open stream: No such file or directory in C:\Users\leandro\Documents\sindcocoNew\admin\Dashio\index.PHP on line 39
[29-Sep-2018 13:02:06 UTC] PHP Fatal error:  require(): Failed opening required '../util/admin/conexao.php' (include_path='.;C:\php\pear') in C:\Users\leandro\Documents\sindcocoNew\admin\Dashio\index.PHP on line 39
[29-Sep-2018 13:02:07 UTC] PHP Warning:  require(../util/admin/conexao.php): failed to open stream: No such file or directory in C:\Users\leandro\Documents\sindcocoNew\admin\Dashio\index.PHP on line 39
[29-Sep-2018 13:02:07 UTC] PHP Fatal error:  require(): Failed opening required '../util/admin/conexao.php' (include_path='.;C:\php\pear') in C:\Users\leandro\Documents\sindcocoNew\admin\Dashio\index.PHP on line 39
[29-Sep-2018 13:02:07 UTC] PHP Warning:  require(../util/admin/conexao.php): failed to open stream: No such file or directory in C:\Users\leandro\Documents\sindcocoNew\admin\Dashio\index.PHP on line 39
[29-Sep-2018 13:02:07 UTC] PHP Fatal error:  require(): Failed opening required '../util/admin/conexao.php' (include_path='.;C:\php\pear') in C:\Users\leandro\Documents\sindcocoNew\admin\Dashio\index.PHP on line 39
[29-Sep-2018 13:02:07 UTC] PHP Warning:  require(../util/admin/conexao.php): failed to open stream: No such file or directory in C:\Users\leandro\Documents\sindcocoNew\admin\Dashio\index.PHP on line 39
[29-Sep-2018 13:02:07 UTC] PHP Fatal error:  require(): Failed opening required '../util/admin/conexao.php' (include_path='.;C:\php\pear') in C:\Users\leandro\Documents\sindcocoNew\admin\Dashio\index.PHP on line 39
[29-Sep-2018 13:08:58 UTC] PHP Warning:  require(../util/admin/conexao.php): failed to open stream: No such file or directory in C:\Users\leandro\Documents\sindcocoNew\admin\Dashio\index.PHP on line 41
[29-Sep-2018 13:08:58 UTC] PHP Fatal error:  require(): Failed opening required '../util/admin/conexao.php' (include_path='.;C:\php\pear') in C:\Users\leandro\Documents\sindcocoNew\admin\Dashio\index.PHP on line 41
[29-Sep-2018 13:08:59 UTC] PHP Warning:  require(../util/admin/conexao.php): failed to open stream: No such file or directory in C:\Users\leandro\Documents\sindcocoNew\admin\Dashio\index.PHP on line 41
[29-Sep-2018 13:08:59 UTC] PHP Fatal error:  require(): Failed opening required '../util/admin/conexao.php' (include_path='.;C:\php\pear') in C:\Users\leandro\Documents\sindcocoNew\admin\Dashio\index.PHP on line 41
[29-Sep-2018 13:08:59 UTC] PHP Warning:  require(../util/admin/conexao.php): failed to open stream: No such file or directory in C:\Users\leandro\Documents\sindcocoNew\admin\Dashio\index.PHP on line 41
[29-Sep-2018 13:08:59 UTC] PHP Fatal error:  require(): Failed opening required '../util/admin/conexao.php' (include_path='.;C:\php\pear') in C:\Users\leandro\Documents\sindcocoNew\admin\Dashio\index.PHP on line 41
[29-Sep-2018 13:08:59 UTC] PHP Warning:  require(../util/admin/conexao.php): failed to open stream: No such file or directory in C:\Users\leandro\Documents\sindcocoNew\admin\Dashio\index.PHP on line 41
[29-Sep-2018 13:08:59 UTC] PHP Fatal error:  require(): Failed opening required '../util/admin/conexao.php' (include_path='.;C:\php\pear') in C:\Users\leandro\Documents\sindcocoNew\admin\Dashio\index.PHP on line 41
[29-Sep-2018 13:09:00 UTC] PHP Warning:  require(../util/admin/conexao.php): failed to open stream: No such file or directory in C:\Users\leandro\Documents\sindcocoNew\admin\Dashio\index.PHP on line 41
[29-Sep-2018 13:09:00 UTC] PHP Fatal error:  require(): Failed opening required '../util/admin/conexao.php' (include_path='.;C:\php\pear') in C:\Users\leandro\Documents\sindcocoNew\admin\Dashio\index.PHP on line 41
[29-Sep-2018 13:09:00 UTC] PHP Warning:  require(../util/admin/conexao.php): failed to open stream: No such file or directory in C:\Users\leandro\Documents\sindcocoNew\admin\Dashio\index.PHP on line 41
[29-Sep-2018 13:09:00 UTC] PHP Fatal error:  require(): Failed opening required '../util/admin/conexao.php' (include_path='.;C:\php\pear') in C:\Users\leandro\Documents\sindcocoNew\admin\Dashio\index.PHP on line 41
[29-Sep-2018 13:09:14 UTC] PHP Warning:  require(../util/admin/conexao.php): failed to open stream: No such file or directory in C:\Users\leandro\Documents\sindcocoNew\admin\Dashio\index.PHP on line 41
[29-Sep-2018 13:09:14 UTC] PHP Fatal error:  require(): Failed opening required '../util/admin/conexao.php' (include_path='.;C:\php\pear') in C:\Users\leandro\Documents\sindcocoNew\admin\Dashio\index.PHP on line 41
[29-Sep-2018 13:10:04 UTC] PHP Warning:  require(../util/admin/conexao.php): failed to open stream: No such file or directory in C:\Users\leandro\Documents\sindcocoNew\admin\Dashio\index.PHP on line 41
[29-Sep-2018 13:10:04 UTC] PHP Fatal error:  require(): Failed opening required '../util/admin/conexao.php' (include_path='.;C:\php\pear') in C:\Users\leandro\Documents\sindcocoNew\admin\Dashio\index.PHP on line 41
[29-Sep-2018 13:10:09 UTC] PHP Warning:  require(../util/admin/conexao.php): failed to open stream: No such file or directory in C:\Users\leandro\Documents\sindcocoNew\admin\Dashio\index.PHP on line 41
[29-Sep-2018 13:10:09 UTC] PHP Fatal error:  require(): Failed opening required '../util/admin/conexao.php' (include_path='.;C:\php\pear') in C:\Users\leandro\Documents\sindcocoNew\admin\Dashio\index.PHP on line 41
[29-Sep-2018 13:10:38 UTC] PHP Warning:  require(../util/admin/conexao.php): failed to open stream: No such file or directory in C:\Users\leandro\Documents\sindcocoNew\admin\Dashio\index.PHP on line 41
[29-Sep-2018 13:10:38 UTC] PHP Fatal error:  require(): Failed opening required '../util/admin/conexao.php' (include_path='.;C:\php\pear') in C:\Users\leandro\Documents\sindcocoNew\admin\Dashio\index.PHP on line 41
[29-Sep-2018 13:10:38 UTC] PHP Warning:  require(../util/admin/conexao.php): failed to open stream: No such file or directory in C:\Users\leandro\Documents\sindcocoNew\admin\Dashio\index.PHP on line 41
[29-Sep-2018 13:10:38 UTC] PHP Fatal error:  require(): Failed opening required '../util/admin/conexao.php' (include_path='.;C:\php\pear') in C:\Users\leandro\Documents\sindcocoNew\admin\Dashio\index.PHP on line 41
[29-Sep-2018 13:10:39 UTC] PHP Warning:  require(../util/admin/conexao.php): failed to open stream: No such file or directory in C:\Users\leandro\Documents\sindcocoNew\admin\Dashio\index.PHP on line 41
[29-Sep-2018 13:10:39 UTC] PHP Fatal error:  require(): Failed opening required '../util/admin/conexao.php' (include_path='.;C:\php\pear') in C:\Users\leandro\Documents\sindcocoNew\admin\Dashio\index.PHP on line 41
[29-Sep-2018 13:10:39 UTC] PHP Warning:  require(../util/admin/conexao.php): failed to open stream: No such file or directory in C:\Users\leandro\Documents\sindcocoNew\admin\Dashio\index.PHP on line 41
[29-Sep-2018 13:10:39 UTC] PHP Fatal error:  require(): Failed opening required '../util/admin/conexao.php' (include_path='.;C:\php\pear') in C:\Users\leandro\Documents\sindcocoNew\admin\Dashio\index.PHP on line 41
[29-Sep-2018 13:10:39 UTC] PHP Warning:  require(../util/admin/conexao.php): failed to open stream: No such file or directory in C:\Users\leandro\Documents\sindcocoNew\admin\Dashio\index.PHP on line 41
[29-Sep-2018 13:10:39 UTC] PHP Fatal error:  require(): Failed opening required '../util/admin/conexao.php' (include_path='.;C:\php\pear') in C:\Users\leandro\Documents\sindcocoNew\admin\Dashio\index.PHP on line 41
[29-Sep-2018 13:10:39 UTC] PHP Warning:  require(../util/admin/conexao.php): failed to open stream: No such file or directory in C:\Users\leandro\Documents\sindcocoNew\admin\Dashio\index.PHP on line 41
[29-Sep-2018 13:10:39 UTC] PHP Fatal error:  require(): Failed opening required '../util/admin/conexao.php' (include_path='.;C:\php\pear') in C:\Users\leandro\Documents\sindcocoNew\admin\Dashio\index.PHP on line 41
[29-Sep-2018 13:10:39 UTC] PHP Warning:  require(../util/admin/conexao.php): failed to open stream: No such file or directory in C:\Users\leandro\Documents\sindcocoNew\admin\Dashio\index.PHP on line 41
[29-Sep-2018 13:10:39 UTC] PHP Fatal error:  require(): Failed opening required '../util/admin/conexao.php' (include_path='.;C:\php\pear') in C:\Users\leandro\Documents\sindcocoNew\admin\Dashio\index.PHP on line 41
[29-Sep-2018 13:10:39 UTC] PHP Warning:  require(../util/admin/conexao.php): failed to open stream: No such file or directory in C:\Users\leandro\Documents\sindcocoNew\admin\Dashio\index.PHP on line 41
[29-Sep-2018 13:10:39 UTC] PHP Fatal error:  require(): Failed opening required '../util/admin/conexao.php' (include_path='.;C:\php\pear') in C:\Users\leandro\Documents\sindcocoNew\admin\Dashio\index.PHP on line 41
[29-Sep-2018 13:10:39 UTC] PHP Warning:  require(../util/admin/conexao.php): failed to open stream: No such file or directory in C:\Users\leandro\Documents\sindcocoNew\admin\Dashio\index.PHP on line 41
[29-Sep-2018 13:10:39 UTC] PHP Fatal error:  require(): Failed opening required '../util/admin/conexao.php' (include_path='.;C:\php\pear') in C:\Users\leandro\Documents\sindcocoNew\admin\Dashio\index.PHP on line 41
[29-Sep-2018 13:10:39 UTC] PHP Warning:  require(../util/admin/conexao.php): failed to open stream: No such file or directory in C:\Users\leandro\Documents\sindcocoNew\admin\Dashio\index.PHP on line 41
[29-Sep-2018 13:10:39 UTC] PHP Fatal error:  require(): Failed opening required '../util/admin/conexao.php' (include_path='.;C:\php\pear') in C:\Users\leandro\Documents\sindcocoNew\admin\Dashio\index.PHP on line 41
[29-Sep-2018 13:10:39 UTC] PHP Warning:  require(../util/admin/conexao.php): failed to open stream: No such file or directory in C:\Users\leandro\Documents\sindcocoNew\admin\Dashio\index.PHP on line 41
[29-Sep-2018 13:10:39 UTC] PHP Fatal error:  require(): Failed opening required '../util/admin/conexao.php' (include_path='.;C:\php\pear') in C:\Users\leandro\Documents\sindcocoNew\admin\Dashio\index.PHP on line 41
[29-Sep-2018 13:10:39 UTC] PHP Warning:  require(../util/admin/conexao.php): failed to open stream: No such file or directory in C:\Users\leandro\Documents\sindcocoNew\admin\Dashio\index.PHP on line 41
[29-Sep-2018 13:10:39 UTC] PHP Fatal error:  require(): Failed opening required '../util/admin/conexao.php' (include_path='.;C:\php\pear') in C:\Users\leandro\Documents\sindcocoNew\admin\Dashio\index.PHP on line 41
[29-Sep-2018 13:10:39 UTC] PHP Warning:  require(../util/admin/conexao.php): failed to open stream: No such file or directory in C:\Users\leandro\Documents\sindcocoNew\admin\Dashio\index.PHP on line 41
[29-Sep-2018 13:10:39 UTC] PHP Fatal error:  require(): Failed opening required '../util/admin/conexao.php' (include_path='.;C:\php\pear') in C:\Users\leandro\Documents\sindcocoNew\admin\Dashio\index.PHP on line 41
[29-Sep-2018 13:10:39 UTC] PHP Warning:  require(../util/admin/conexao.php): failed to open stream: No such file or directory in C:\Users\leandro\Documents\sindcocoNew\admin\Dashio\index.PHP on line 41
[29-Sep-2018 13:10:39 UTC] PHP Fatal error:  require(): Failed opening required '../util/admin/conexao.php' (include_path='.;C:\php\pear') in C:\Users\leandro\Documents\sindcocoNew\admin\Dashio\index.PHP on line 41
[29-Sep-2018 13:10:39 UTC] PHP Warning:  require(../util/admin/conexao.php): failed to open stream: No such file or directory in C:\Users\leandro\Documents\sindcocoNew\admin\Dashio\index.PHP on line 41
[29-Sep-2018 13:10:39 UTC] PHP Fatal error:  require(): Failed opening required '../util/admin/conexao.php' (include_path='.;C:\php\pear') in C:\Users\leandro\Documents\sindcocoNew\admin\Dashio\index.PHP on line 41
[29-Sep-2018 13:10:39 UTC] PHP Warning:  require(../util/admin/conexao.php): failed to open stream: No such file or directory in C:\Users\leandro\Documents\sindcocoNew\admin\Dashio\index.PHP on line 41
[29-Sep-2018 13:10:39 UTC] PHP Fatal error:  require(): Failed opening required '../util/admin/conexao.php' (include_path='.;C:\php\pear') in C:\Users\leandro\Documents\sindcocoNew\admin\Dashio\index.PHP on line 41
[29-Sep-2018 13:10:39 UTC] PHP Warning:  require(../util/admin/conexao.php): failed to open stream: No such file or directory in C:\Users\leandro\Documents\sindcocoNew\admin\Dashio\index.PHP on line 41
[29-Sep-2018 13:10:39 UTC] PHP Fatal error:  require(): Failed opening required '../util/admin/conexao.php' (include_path='.;C:\php\pear') in C:\Users\leandro\Documents\sindcocoNew\admin\Dashio\index.PHP on line 41
[29-Sep-2018 13:10:39 UTC] PHP Warning:  require(../util/admin/conexao.php): failed to open stream: No such file or directory in C:\Users\leandro\Documents\sindcocoNew\admin\Dashio\index.PHP on line 41
[29-Sep-2018 13:10:39 UTC] PHP Fatal error:  require(): Failed opening required '../util/admin/conexao.php' (include_path='.;C:\php\pear') in C:\Users\leandro\Documents\sindcocoNew\admin\Dashio\index.PHP on line 41
[29-Sep-2018 13:10:39 UTC] PHP Warning:  require(../util/admin/conexao.php): failed to open stream: No such file or directory in C:\Users\leandro\Documents\sindcocoNew\admin\Dashio\index.PHP on line 41
[29-Sep-2018 13:10:39 UTC] PHP Fatal error:  require(): Failed opening required '../util/admin/conexao.php' (include_path='.;C:\php\pear') in C:\Users\leandro\Documents\sindcocoNew\admin\Dashio\index.PHP on line 41
[29-Sep-2018 13:10:39 UTC] PHP Warning:  require(../util/admin/conexao.php): failed to open stream: No such file or directory in C:\Users\leandro\Documents\sindcocoNew\admin\Dashio\index.PHP on line 41
[29-Sep-2018 13:10:39 UTC] PHP Fatal error:  require(): Failed opening required '../util/admin/conexao.php' (include_path='.;C:\php\pear') in C:\Users\leandro\Documents\sindcocoNew\admin\Dashio\index.PHP on line 41
[29-Sep-2018 13:11:29 UTC] PHP Warning:  require(../util/admin/conexao.php): failed to open stream: No such file or directory in C:\Users\leandro\Documents\sindcocoNew\admin\Dashio\index.php on line 41
[29-Sep-2018 13:11:29 UTC] PHP Fatal error:  require(): Failed opening required '../util/admin/conexao.php' (include_path='.;C:\php\pear') in C:\Users\leandro\Documents\sindcocoNew\admin\Dashio\index.php on line 41
[29-Sep-2018 13:11:29 UTC] PHP Warning:  require(../util/admin/conexao.php): failed to open stream: No such file or directory in C:\Users\leandro\Documents\sindcocoNew\admin\Dashio\index.php on line 41
[29-Sep-2018 13:11:29 UTC] PHP Fatal error:  require(): Failed opening required '../util/admin/conexao.php' (include_path='.;C:\php\pear') in C:\Users\leandro\Documents\sindcocoNew\admin\Dashio\index.php on line 41
[29-Sep-2018 13:11:29 UTC] PHP Warning:  require(../util/admin/conexao.php): failed to open stream: No such file or directory in C:\Users\leandro\Documents\sindcocoNew\admin\Dashio\index.php on line 41
[29-Sep-2018 13:11:29 UTC] PHP Fatal error:  require(): Failed opening required '../util/admin/conexao.php' (include_path='.;C:\php\pear') in C:\Users\leandro\Documents\sindcocoNew\admin\Dashio\index.php on line 41
[29-Sep-2018 13:11:29 UTC] PHP Warning:  require(../util/admin/conexao.php): failed to open stream: No such file or directory in C:\Users\leandro\Documents\sindcocoNew\admin\Dashio\index.php on line 41
[29-Sep-2018 13:11:29 UTC] PHP Fatal error:  require(): Failed opening required '../util/admin/conexao.php' (include_path='.;C:\php\pear') in C:\Users\leandro\Documents\sindcocoNew\admin\Dashio\index.php on line 41
[29-Sep-2018 13:11:29 UTC] PHP Warning:  require(../util/admin/conexao.php): failed to open stream: No such file or directory in C:\Users\leandro\Documents\sindcocoNew\admin\Dashio\index.php on line 41
[29-Sep-2018 13:11:29 UTC] PHP Fatal error:  require(): Failed opening required '../util/admin/conexao.php' (include_path='.;C:\php\pear') in C:\Users\leandro\Documents\sindcocoNew\admin\Dashio\index.php on line 41
[29-Sep-2018 13:11:29 UTC] PHP Warning:  require(../util/admin/conexao.php): failed to open stream: No such file or directory in C:\Users\leandro\Documents\sindcocoNew\admin\Dashio\index.php on line 41
[29-Sep-2018 13:11:29 UTC] PHP Fatal error:  require(): Failed opening required '../util/admin/conexao.php' (include_path='.;C:\php\pear') in C:\Users\leandro\Documents\sindcocoNew\admin\Dashio\index.php on line 41
[29-Sep-2018 13:11:29 UTC] PHP Warning:  require(../util/admin/conexao.php): failed to open stream: No such file or directory in C:\Users\leandro\Documents\sindcocoNew\admin\Dashio\index.php on line 41
[29-Sep-2018 13:11:29 UTC] PHP Fatal error:  require(): Failed opening required '../util/admin/conexao.php' (include_path='.;C:\php\pear') in C:\Users\leandro\Documents\sindcocoNew\admin\Dashio\index.php on line 41
[29-Sep-2018 13:11:29 UTC] PHP Warning:  require(../util/admin/conexao.php): failed to open stream: No such file or directory in C:\Users\leandro\Documents\sindcocoNew\admin\Dashio\index.php on line 41
[29-Sep-2018 13:11:29 UTC] PHP Fatal error:  require(): Failed opening required '../util/admin/conexao.php' (include_path='.;C:\php\pear') in C:\Users\leandro\Documents\sindcocoNew\admin\Dashio\index.php on line 41
[29-Sep-2018 13:11:29 UTC] PHP Warning:  require(../util/admin/conexao.php): failed to open stream: No such file or directory in C:\Users\leandro\Documents\sindcocoNew\admin\Dashio\index.php on line 41
[29-Sep-2018 13:11:29 UTC] PHP Fatal error:  require(): Failed opening required '../util/admin/conexao.php' (include_path='.;C:\php\pear') in C:\Users\leandro\Documents\sindcocoNew\admin\Dashio\index.php on line 41
[29-Sep-2018 13:11:29 UTC] PHP Warning:  require(../util/admin/conexao.php): failed to open stream: No such file or directory in C:\Users\leandro\Documents\sindcocoNew\admin\Dashio\index.php on line 41
[29-Sep-2018 13:11:29 UTC] PHP Fatal error:  require(): Failed opening required '../util/admin/conexao.php' (include_path='.;C:\php\pear') in C:\Users\leandro\Documents\sindcocoNew\admin\Dashio\index.php on line 41
[29-Sep-2018 13:11:29 UTC] PHP Warning:  require(../util/admin/conexao.php): failed to open stream: No such file or directory in C:\Users\leandro\Documents\sindcocoNew\admin\Dashio\index.php on line 41
[29-Sep-2018 13:11:30 UTC] PHP Fatal error:  require(): Failed opening required '../util/admin/conexao.php' (include_path='.;C:\php\pear') in C:\Users\leandro\Documents\sindcocoNew\admin\Dashio\index.php on line 41
[29-Sep-2018 13:11:30 UTC] PHP Warning:  require(../util/admin/conexao.php): failed to open stream: No such file or directory in C:\Users\leandro\Documents\sindcocoNew\admin\Dashio\index.php on line 41
[29-Sep-2018 13:11:30 UTC] PHP Fatal error:  require(): Failed opening required '../util/admin/conexao.php' (include_path='.;C:\php\pear') in C:\Users\leandro\Documents\sindcocoNew\admin\Dashio\index.php on line 41
[29-Sep-2018 13:11:30 UTC] PHP Warning:  require(../util/admin/conexao.php): failed to open stream: No such file or directory in C:\Users\leandro\Documents\sindcocoNew\admin\Dashio\index.php on line 41
[29-Sep-2018 13:11:30 UTC] PHP Fatal error:  require(): Failed opening required '../util/admin/conexao.php' (include_path='.;C:\php\pear') in C:\Users\leandro\Documents\sindcocoNew\admin\Dashio\index.php on line 41
[29-Sep-2018 13:11:30 UTC] PHP Warning:  require(../util/admin/conexao.php): failed to open stream: No such file or directory in C:\Users\leandro\Documents\sindcocoNew\admin\Dashio\index.php on line 41
[29-Sep-2018 13:11:30 UTC] PHP Fatal error:  require(): Failed opening required '../util/admin/conexao.php' (include_path='.;C:\php\pear') in C:\Users\leandro\Documents\sindcocoNew\admin\Dashio\index.php on line 41
[29-Sep-2018 13:11:30 UTC] PHP Warning:  require(../util/admin/conexao.php): failed to open stream: No such file or directory in C:\Users\leandro\Documents\sindcocoNew\admin\Dashio\index.php on line 41
[29-Sep-2018 13:11:30 UTC] PHP Fatal error:  require(): Failed opening required '../util/admin/conexao.php' (include_path='.;C:\php\pear') in C:\Users\leandro\Documents\sindcocoNew\admin\Dashio\index.php on line 41
[29-Sep-2018 13:11:30 UTC] PHP Warning:  require(../util/admin/conexao.php): failed to open stream: No such file or directory in C:\Users\leandro\Documents\sindcocoNew\admin\Dashio\index.php on line 41
[29-Sep-2018 13:11:30 UTC] PHP Fatal error:  require(): Failed opening required '../util/admin/conexao.php' (include_path='.;C:\php\pear') in C:\Users\leandro\Documents\sindcocoNew\admin\Dashio\index.php on line 41
[29-Sep-2018 13:11:30 UTC] PHP Warning:  require(../util/admin/conexao.php): failed to open stream: No such file or directory in C:\Users\leandro\Documents\sindcocoNew\admin\Dashio\index.php on line 41
[29-Sep-2018 13:11:30 UTC] PHP Fatal error:  require(): Failed opening required '../util/admin/conexao.php' (include_path='.;C:\php\pear') in C:\Users\leandro\Documents\sindcocoNew\admin\Dashio\index.php on line 41
[29-Sep-2018 13:11:30 UTC] PHP Warning:  require(../util/admin/conexao.php): failed to open stream: No such file or directory in C:\Users\leandro\Documents\sindcocoNew\admin\Dashio\index.php on line 41
[29-Sep-2018 13:11:30 UTC] PHP Fatal error:  require(): Failed opening required '../util/admin/conexao.php' (include_path='.;C:\php\pear') in C:\Users\leandro\Documents\sindcocoNew\admin\Dashio\index.php on line 41
[29-Sep-2018 13:11:30 UTC] PHP Warning:  require(../util/admin/conexao.php): failed to open stream: No such file or directory in C:\Users\leandro\Documents\sindcocoNew\admin\Dashio\index.php on line 41
[29-Sep-2018 13:11:30 UTC] PHP Fatal error:  require(): Failed opening required '../util/admin/conexao.php' (include_path='.;C:\php\pear') in C:\Users\leandro\Documents\sindcocoNew\admin\Dashio\index.php on line 41
[29-Sep-2018 13:11:30 UTC] PHP Warning:  require(../util/admin/conexao.php): failed to open stream: No such file or directory in C:\Users\leandro\Documents\sindcocoNew\admin\Dashio\index.php on line 41
[29-Sep-2018 13:11:30 UTC] PHP Fatal error:  require(): Failed opening required '../util/admin/conexao.php' (include_path='.;C:\php\pear') in C:\Users\leandro\Documents\sindcocoNew\admin\Dashio\index.php on line 41
[29-Sep-2018 13:11:30 UTC] PHP Warning:  require(../util/admin/conexao.php): failed to open stream: No such file or directory in C:\Users\leandro\Documents\sindcocoNew\admin\Dashio\index.php on line 41
[29-Sep-2018 13:11:30 UTC] PHP Fatal error:  require(): Failed opening required '../util/admin/conexao.php' (include_path='.;C:\php\pear') in C:\Users\leandro\Documents\sindcocoNew\admin\Dashio\index.php on line 41
[29-Sep-2018 13:11:36 UTC] PHP Warning:  require(../util/admin/conexao.php): failed to open stream: No such file or directory in C:\Users\leandro\Documents\sindcocoNew\admin\Dashio\index.php on line 41
[29-Sep-2018 13:11:36 UTC] PHP Fatal error:  require(): Failed opening required '../util/admin/conexao.php' (include_path='.;C:\php\pear') in C:\Users\leandro\Documents\sindcocoNew\admin\Dashio\index.php on line 41
[02-Oct-2018 23:42:22 UTC] PHP Warning:  require(footers.php): failed to open stream: No such file or directory in C:\Users\leandro\Documents\sindcocoNew\admin\responsive_table.php on line 125
[02-Oct-2018 23:42:22 UTC] PHP Fatal error:  require(): Failed opening required 'footers.php' (include_path='.;C:\php\pear') in C:\Users\leandro\Documents\sindcocoNew\admin\responsive_table.php on line 125
[02-Oct-2018 23:43:25 UTC] PHP Warning:  require(footers.php): failed to open stream: No such file or directory in C:\Users\leandro\Documents\sindcocoNew\admin\basic_table.php on line 135
[02-Oct-2018 23:43:25 UTC] PHP Fatal error:  require(): Failed opening required 'footers.php' (include_path='.;C:\php\pear') in C:\Users\leandro\Documents\sindcocoNew\admin\basic_table.php on line 135
[02-Oct-2018 23:43:43 UTC] PHP Warning:  require(footers.php): failed to open stream: No such file or directory in C:\Users\leandro\Documents\sindcocoNew\admin\basic_table.php on line 209
[02-Oct-2018 23:43:43 UTC] PHP Fatal error:  require(): Failed opening required 'footers.php' (include_path='.;C:\php\pear') in C:\Users\leandro\Documents\sindcocoNew\admin\basic_table.php on line 209
[02-Oct-2018 23:43:45 UTC] PHP Warning:  require(footers.php): failed to open stream: No such file or directory in C:\Users\leandro\Documents\sindcocoNew\admin\basic_table.php on line 209
[02-Oct-2018 23:43:45 UTC] PHP Fatal error:  require(): Failed opening required 'footers.php' (include_path='.;C:\php\pear') in C:\Users\leandro\Documents\sindcocoNew\admin\basic_table.php on line 209
